Build started 7/23/2026 6:16:03 PM.
Project "C:\Documents and Settings\Administrator\Desktop\source code for version 2 winxp 32 & 64\notepad\notepad\notepad.vcxproj" on node 2 (build target(s)).
InitializeBuildStatus:
  Creating "Release\notepad.unsuccessfulbuild" because "AlwaysCreate" was specified.
ClCompile:
  C:\Program Files (x86)\Microsoft Visual Studio 10.0\VC\bin\CL.exe /c /Zi /nologo /W3 /WX- /O2 /Oi /Oy- /GL /D WIN32 /D NDEBUG /D _CONSOLE /D _UNICODE /D UNICODE /Gm- /EHsc /MT /GS /Gy /fp:precise /Zc:wchar_t /Zc:forScope /Fo"Release\\" /Fd"Release\vc100.pdb" /Gd /TP /analyze- /errorReport:prompt stdafx.cpp "windows ver.cpp"
  stdafx.cpp
  windows ver.cpp
windows ver.cpp(828): warning C4800: 'int' : forcing value to bool 'true' or 'false' (performance warning)
windows ver.cpp(829): warning C4800: 'int' : forcing value to bool 'true' or 'false' (performance warning)
windows ver.cpp(830): warning C4800: 'int' : forcing value to bool 'true' or 'false' (performance warning)
windows ver.cpp(831): warning C4800: 'int' : forcing value to bool 'true' or 'false' (performance warning)
windows ver.cpp(833): warning C4800: 'int' : forcing value to bool 'true' or 'false' (performance warning)
windows ver.cpp(835): warning C4800: 'int' : forcing value to bool 'true' or 'false' (performance warning)
windows ver.cpp(1437): warning C4018: '>' : signed/unsigned mismatch
Link:
  C:\Program Files (x86)\Microsoft Visual Studio 10.0\VC\bin\link.exe /ERRORREPORT:PROMPT /OUT:"C:\Documents and Settings\Administrator\Desktop\source code for version 2 winxp 32 & 64\notepad\Release\notepad.exe" /INCREMENTAL:NO /NOLOGO kernel32.lib user32.lib gdi32.lib winspool.lib comdlg32.lib advapi32.lib shell32.lib ole32.lib oleaut32.lib uuid.lib odbc32.lib odbccp32.lib /MANIFEST /ManifestFile:"Release\notepad.exe.intermediate.manifest" /MANIFESTUAC:"level='asInvoker' uiAccess='false'" /DEBUG /PDB:"C:\Documents and Settings\Administrator\Desktop\source code for version 2 winxp 32 & 64\notepad\Release\notepad.pdb" /SUBSYSTEM:CONSOLE /OPT:REF /OPT:ICF /LTCG /TLBID:1 /DYNAMICBASE /NXCOMPAT /IMPLIB:"C:\Documents and Settings\Administrator\Desktop\source code for version 2 winxp 32 & 64\notepad\Release\notepad.lib" /MACHINE:X86 Release\stdafx.obj
  "Release\windows ver.obj"
  Generating code
  Finished generating code
  notepad.vcxproj -> C:\Documents and Settings\Administrator\Desktop\source code for version 2 winxp 32 & 64\notepad\Release\notepad.exe
Manifest:
  C:\Program Files (x86)\Microsoft SDKs\Windows\v7.0A\bin\mt.exe /nologo /verbose /outputresource:"C:\Documents and Settings\Administrator\Desktop\source code for version 2 winxp 32 & 64\notepad\Release\notepad.exe;#1" /manifest Release\notepad.exe.intermediate.manifest
FinalizeBuildStatus:
  Deleting file "Release\notepad.unsuccessfulbuild".
  Touching "Release\notepad.lastbuildstate".
Done Building Project "C:\Documents and Settings\Administrator\Desktop\source code for version 2 winxp 32 & 64\notepad\notepad\notepad.vcxproj" (build target(s)).

Build succeeded.

Time Elapsed 00:00:05.81
